<?xml version="1.0" encoding="UTF-8"?>
<coverage generated="1658824705269" clover="3.2.0">
  <project timestamp="1658824705269" name="All files">
    <metrics statements="10" coveredstatements="10" conditionals="0" coveredconditionals="0" methods="1" coveredmethods="1" elements="11" coveredelements="11" complexity="0" loc="10" ncloc="10" packages="1" files="1" classes="1"/>
    <file name="repository-create.ts" path="/Users/jonggulpark/project/fl/cdk/federated-learning/src/services/repository-create.ts">
      <metrics statements="10" coveredstatements="10" conditionals="0" coveredconditionals="0" methods="1" coveredmethods="1"/>
      <line num="1" count="1" type="stmt"/>
      <line num="3" count="1" type="stmt"/>
      <line num="6" count="1" type="stmt"/>
      <line num="9" count="1" type="stmt"/>
      <line num="13" count="1" type="stmt"/>
      <line num="16" count="1" type="stmt"/>
      <line num="17" count="1" type="stmt"/>
      <line num="22" count="1" type="stmt"/>
      <line num="24" count="1" type="stmt"/>
      <line num="27" count="1" type="stmt"/>
    </file>
  </project>
</coverage>
