{"/Users/jonggulpark/project/fl/cdk/federated-learning/src/services/repository-create.ts": {"path":"/Users/jonggulpark/project/fl/cdk/federated-learning/src/services/repository-create.ts","statementMap":{"0":{"start":{"line":1,"column":0},"end":{"line":1,"column":32}},"1":{"start":{"line":3,"column":0},"end":{"line":3,"column":24}},"2":{"start":{"line":6,"column":17},"end":{"line":6,"column":46}},"3":{"start":{"line":9,"column":42},"end":{"line":12,"column":null}},"4":{"start":{"line":13,"column":17},"end":{"line":15,"column":null}},"5":{"start":{"line":16,"column":4},"end":{"line":23,"column":null}},"6":{"start":{"line":17,"column":8},"end":{"line":20,"column":null}},"7":{"start":{"line":22,"column":8},"end":{"line":22,"column":null}},"8":{"start":{"line":24,"column":4},"end":{"line":24,"column":18}},"9":{"start":{"line":27,"column":8},"end":{"line":27,"column":15}}},"fnMap":{"0":{"name":"handler","decl":{"start":{"line":8,"column":15},"end":{"line":8,"column":22}},"loc":{"start":{"line":8,"column":68},"end":{"line":25,"column":1}}}},"branchMap":{},"s":{"0":1,"1":1,"2":1,"3":1,"4":1,"5":1,"6":1,"7":1,"8":1,"9":1},"f":{"0":1},"b":{}}
}
